<?xml version="1.0" encoding="UTF-8"?>
<testng-results ignored="0" total="3" passed="3" failed="0" skipped="0">
  <reporter-output>
  </reporter-output>
  <suite started-at="2023-08-24T19:45:20 IST" name="Default suite" finished-at="2023-08-24T19:45:25 IST" duration-ms="4709">
    <groups>
      <group name="cucumber">
        <method signature="AbstractTestNGCucumberTests.runScenario(io.cucumber.testng.PickleWrapper,io.cucumber.testng.FeatureWrapper)[pri:0, instance:runners.OrdersRunner@31fa1761]" name="runScenario" class="io.cucumber.testng.AbstractTestNGCucumberTests"/>
      </group> <!-- cucumber -->
    </groups>
    <test started-at="2023-08-24T19:45:20 IST" name="Default test" finished-at="2023-08-24T19:45:25 IST" duration-ms="4709">
      <class name="runners.OrdersRunner">
        <test-method is-config="true" signature="setUpClass(org.testng.ITestContext)[pri:0, instance:runners.OrdersRunner@31fa1761]" started-at="2023-08-24T19:45:20 IST" name="setUpClass" finished-at="2023-08-24T19:45:21 IST" duration-ms="962" status="PASS">
          <params>
            <param index="0">
              <value>
                <![CDATA[org.testng.TestRunner@60737b23]]>
              </value>
            </param>
          </params>
          <reporter-output>
          </reporter-output>
        </test-method> <!-- setUpClass -->
        <test-method signature="runScenario(io.cucumber.testng.PickleWrapper,io.cucumber.testng.FeatureWrapper)[pri:0, instance:runners.OrdersRunner@31fa1761]" started-at="2023-08-24T19:45:21 IST" name="runScenario" description="Runs Cucumber Scenarios" data-provider="scenarios" finished-at="2023-08-24T19:45:21 IST" duration-ms="213" status="PASS">
          <params>
            <param index="0">
              <value>
                <![CDATA["Fetching currently placed order"]]>
              </value>
            </param>
            <param index="1">
              <value>
                <![CDATA["Order information"]]>
              </value>
            </param>
          </params>
          <reporter-output>
          </reporter-output>
        </test-method> <!-- runScenario -->
        <test-method signature="runScenario(io.cucumber.testng.PickleWrapper,io.cucumber.testng.FeatureWrapper)[pri:0, instance:runners.OrdersRunner@31fa1761]" started-at="2023-08-24T19:45:21 IST" name="runScenario" description="Runs Cucumber Scenarios" data-provider="scenarios" finished-at="2023-08-24T19:45:21 IST" duration-ms="24" status="PASS">
          <params>
            <param index="0">
              <value>
                <![CDATA["Fetching past orders information"]]>
              </value>
            </param>
            <param index="1">
              <value>
                <![CDATA["Order information"]]>
              </value>
            </param>
          </params>
          <reporter-output>
          </reporter-output>
        </test-method> <!-- runScenario -->
        <test-method signature="runScenario(io.cucumber.testng.PickleWrapper,io.cucumber.testng.FeatureWrapper)[pri:0, instance:runners.OrdersRunner@31fa1761]" started-at="2023-08-24T19:45:21 IST" name="runScenario" description="Runs Cucumber Scenarios" data-provider="scenarios" finished-at="2023-08-24T19:45:21 IST" duration-ms="22" status="PASS">
          <params>
            <param index="0">
              <value>
                <![CDATA["Fetching cancelled orders information"]]>
              </value>
            </param>
            <param index="1">
              <value>
                <![CDATA["Order information"]]>
              </value>
            </param>
          </params>
          <reporter-output>
          </reporter-output>
        </test-method> <!-- runScenario -->
        <test-method is-config="true" signature="tearDownClass()[pri:0, instance:runners.OrdersRunner@31fa1761]" started-at="2023-08-24T19:45:21 IST" name="tearDownClass" finished-at="2023-08-24T19:45:25 IST" duration-ms="3386" status="PASS">
          <reporter-output>
          </reporter-output>
        </test-method> <!-- tearDownClass -->
      </class> <!-- runners.OrdersRunner -->
    </test> <!-- Default test -->
  </suite> <!-- Default suite -->
</testng-results>
